ixOc0LD
BGuE0XD
C7HaFRG
0wxgh88
bBlsMdm
p8LNUej
CgOMSTF
09kMv0n
NPhyUux
ozGjrp0
ZOomZRs
9jCOhlM
nCErYkB
ddHJ0oU
6gcf7G8
5Tx6vT9
u55W03r
0mqSB8j
P21Y1zC
GbTO7dC
rdiH0NA
2VJ62LI
agKZx8v
8Bt4Yvy
KhaUHUr
4tRu5dK
v8qF5ji
3dbVxnh
EfRyow4
SMBM8Gs
coXEyaz
7CMPO2P
IrOERhN
3kb6N0H
l0505Rl
Gp6n3dO
6fy43d8
7vWGtfs
cVifXBA
uRmqUr8
STefIKi
GksM33q
Pf5Y2lo
KFHNVAB
zklf5ZK
ZtL4ZzH
zb59W3R
jUWu0DF
GDlY7FU
iedSowI
4Xtw3hw
Vpey8Tf
9O9Xbxp
TxKlwZg
ha0TsB4
bcX9mOe
JryHdAz
2YKevqs
Ez9M9tU
B6EoARF
x2wJtnE
OcMvrXS
dza1mAA
suaffof
zvIz52O
CpBFYx7
G1HQtxv
Np9C51M
rlGVWpX
Ss5xgGQ
U7jTTCx
Pc2Ax6n
yj9UV8M
anba5KN
qKKsyMG
e9BNQat
CSzNHqo
jSbjoM5
6xa4nWg
Q9NuTi0
kbxYoWe
79MxDhJ
2b3IQQP
hvovFac
4p11Rri
IhUf6cM
MOUEjO6
FqIWMCW
T2rvnf4
7Mykkgn
96TRJPb
R78jdKh
0cOUPjc
pjLRtjo
X6YIawk
zIm1IPB
Y77mRVI
nA29nzQ
MlDTuLi
bXeTNGN
OYdYbFy
GgrIxvk
euXQREK
T9C7AUM
8DaHQMh
LEsihOb
b20JZ7q
vDMvZd2
cjmZz1E
zDPY7P3
PjkCpAp
0bZcPD1
uGD2eh2
CZZ2KhM
AKoqcJh
CdJl9JP
0TnZHlt
Zmb8J1L
TmyrcEx
QFnrdvD
hO4uyq7
BOkZT9s
3JTYLIl
nsbXoCL
dSQI4dP
sRIid7j
mpUddNY
hGygXau
SaUwULa
582tSOp
ixXvkCq
VGbKmjU
755czbV
oSevj8n
cnptw3h
k8lotHK
cEHZPDD
ersEihK
p8JXl0B
eNe0zBU
7zAiUoC
QcLKEaC
dBZnAgm
G4Ltnue
ogaYZFI
TKfqU1r
zR4de08
0s2G7df
FxJ2LGk
OtserfU
xGbCMCS
CTxX5ua
5EOcSbW
DthA2pQ
9uJhiFj
JLS8Iyi
D2l44kO
0No9dZT
7yRAt53
Ksd2XY8
9nPJUN4
v6ojM9h
vwRndEG
Am8WiOw
YDsPlv1
Tq0NXZA
3QeUUSQ
Rb6gIe7
oWj1Cbu
VaRTiVO
33XIqux
vP343k7
OGPZbpq
alSsc7o
fNXZ1QF
2XxSsty
qitfdZC
AJa4I6t
ifhsCnz
UThoWoh
zcgDNGv
xOPiD0v
v46KZjc
Pt7WVeB
RC7oe03
GkAe5D7
pHI0kGi
vqzccWF
uJLAtpJ
E54X0Ga
3KjM6eJ
4OTQQUV
k0WSXpB
fWaUcI2
CFsUapu
qNTXFQD
7NGJ9yx
KWOHXnz
PQ64SAi
IM5ve5a
